2019-03-24T17:43:27+00:00 NOTICE product_submit.success :: addStoreProduct :: #3721
2019-03-24T17:43:27+00:00 NOTICE product_submit.success :: addStoreProduct :: #3735
2019-03-24T17:43:28+00:00 NOTICE product_submit.success :: addStoreProduct :: #3740
2019-03-24T17:43:28+00:00 NOTICE product_submit.success :: addStoreProduct :: #3743
2019-03-24T17:43:28+00:00 NOTICE product_submit.success :: addStoreProduct :: #3748
2019-03-24T17:43:29+00:00 NOTICE product_submit.success :: addStoreProduct :: #3763
2019-03-24T17:43:29+00:00 NOTICE product_submit.success :: addStoreProduct :: #3768
2019-03-24T17:44:20+00:00 NOTICE product_submit.success :: addStoreProduct :: #3770
2019-03-24T17:44:20+00:00 NOTICE product_submit.success :: addStoreProduct :: #3775
2019-03-24T17:44:20+00:00 NOTICE product_submit.success :: addStoreProduct :: #3780
2019-03-24T17:44:21+00:00 NOTICE product_submit.success :: addStoreProduct :: #3786
2019-03-24T17:44:21+00:00 NOTICE product_submit.success :: addStoreProduct :: #3791
2019-03-24T17:44:21+00:00 NOTICE product_submit.success :: addStoreProduct :: #3796
2019-03-24T17:44:22+00:00 NOTICE product_submit.success :: addStoreProduct :: #3799
2019-03-24T17:44:22+00:00 NOTICE product_submit.success :: addStoreProduct :: #3804
2019-03-24T17:44:22+00:00 NOTICE product_submit.success :: addStoreProduct :: #3811
2019-03-24T17:44:23+00:00 NOTICE product_submit.success :: addStoreProduct :: #3814
2019-03-24T17:44:23+00:00 NOTICE product_submit.success :: addStoreProduct :: #3816
2019-03-24T17:44:23+00:00 NOTICE product_submit.success :: addStoreProduct :: #3818
2019-03-24T17:44:24+00:00 NOTICE product_submit.success :: addStoreProduct :: #3822
2019-03-24T17:44:24+00:00 NOTICE product_submit.success :: addStoreProduct :: #3824
2019-03-24T17:44:24+00:00 NOTICE product_submit.success :: addStoreProduct :: #3826
2019-03-24T17:44:24+00:00 NOTICE product_submit.success :: addStoreProduct :: #3828
2019-03-24T17:44:25+00:00 NOTICE product_submit.success :: addStoreProduct :: #3830
2019-03-24T17:44:25+00:00 NOTICE product_submit.success :: addStoreProduct :: #3835
2019-03-24T17:44:41+00:00 NOTICE product_submit.success :: addStoreProduct :: #3848
2019-03-24T17:44:41+00:00 NOTICE product_submit.success :: addStoreProduct :: #3853
2019-03-24T17:44:47+00:00 NOTICE product_submit.success :: addStoreProduct :: #3859
2019-03-24T17:44:56+00:00 NOTICE product_submit.success :: addStoreProduct :: #3865
2019-03-24T17:45:07+00:00 NOTICE product_submit.success :: addStoreProduct :: #3872
2019-03-24T17:45:08+00:00 NOTICE product_submit.success :: addStoreProduct :: #3875
2019-03-24T17:45:08+00:00 NOTICE product_submit.success :: addStoreProduct :: #3884
2019-03-24T17:45:15+00:00 NOTICE product_submit.success :: addStoreProduct :: #3894
2019-03-24T17:45:21+00:00 NOTICE product_submit.success :: addStoreProduct :: #3903
2019-03-24T17:45:21+00:00 NOTICE product_submit.success :: addStoreProduct :: #3909
2019-03-24T17:45:28+00:00 NOTICE product_submit.success :: addStoreProduct :: #3915
2019-03-24T17:45:33+00:00 NOTICE product_submit.success :: addStoreProduct :: #3917
2019-03-24T17:45:37+00:00 NOTICE product_submit.success :: addStoreProduct :: #3919
2019-03-24T17:45:40+00:00 NOTICE product_submit.success :: addStoreProduct :: #3921
2019-03-24T17:45:52+00:00 NOTICE product_submit.success :: addStoreProduct :: #3923
2019-03-24T17:45:52+00:00 NOTICE product_submit.success :: addStoreProduct :: #3925
2019-03-24T17:45:52+00:00 NOTICE product_submit.success :: addStoreProduct :: #3930
2019-03-24T17:46:03+00:00 NOTICE product_submit.success :: addStoreProduct :: #3933
2019-03-24T17:46:29+00:00 NOTICE product_submit.success :: addStoreProduct :: #3938
2019-03-24T17:46:44+00:00 NOTICE product_submit.success :: addStoreProduct :: #3941
2019-03-24T17:46:44+00:00 NOTICE product_submit.success :: addStoreProduct :: #3944
2019-03-24T17:47:27+00:00 NOTICE product_submit.success :: addStoreProduct :: #3947
2019-03-24T17:47:27+00:00 NOTICE product_submit.success :: addStoreProduct :: #3949
2019-03-24T17:47:27+00:00 NOTICE product_submit.success :: addStoreProduct :: #3952
2019-03-24T17:47:28+00:00 NOTICE product_submit.success :: addStoreProduct :: #3957
2019-03-24T17:47:28+00:00 NOTICE product_submit.success :: addStoreProduct :: #3961
2019-03-24T17:47:38+00:00 NOTICE product_submit.success :: addStoreProduct :: #3966
2019-03-24T17:47:39+00:00 NOTICE product_submit.success :: addStoreProduct :: #3971
2019-03-24T17:47:39+00:00 NOTICE product_submit.success :: addStoreProduct :: #3973
2019-03-24T17:47:46+00:00 NOTICE product_submit.success :: addStoreProduct :: #3975
2019-03-24T17:47:47+00:00 NOTICE product_submit.success :: addStoreProduct :: #3977
2019-03-24T17:47:47+00:00 NOTICE product_submit.success :: addStoreProduct :: #3981
2019-03-24T17:48:22+00:00 NOTICE product_submit.success :: addStoreProduct :: #3983
2019-03-24T17:48:23+00:00 NOTICE product_submit.success :: addStoreProduct :: #3985
2019-03-24T17:48:23+00:00 NOTICE product_submit.success :: addStoreProduct :: #3988
2019-03-24T17:48:23+00:00 NOTICE product_submit.success :: addStoreProduct :: #3990
2019-03-24T17:48:23+00:00 NOTICE product_submit.success :: addStoreProduct :: #3994
2019-03-24T17:48:24+00:00 NOTICE product_submit.success :: addStoreProduct :: #3998
2019-03-24T17:48:24+00:00 NOTICE product_submit.success :: addStoreProduct :: #4004
2019-03-24T17:48:24+00:00 NOTICE product_submit.success :: addStoreProduct :: #4009
2019-03-24T17:48:25+00:00 NOTICE product_submit.success :: addStoreProduct :: #4014
2019-03-24T17:48:25+00:00 NOTICE product_submit.success :: addStoreProduct :: #4021
2019-03-24T17:48:25+00:00 NOTICE product_submit.success :: addStoreProduct :: #4025
2019-03-24T17:48:26+00:00 NOTICE product_submit.success :: addStoreProduct :: #4029
2019-03-24T17:48:40+00:00 NOTICE product_submit.success :: addStoreProduct :: #4033
2019-03-24T17:48:40+00:00 NOTICE product_submit.success :: addStoreProduct :: #4044
2019-03-24T17:48:40+00:00 NOTICE product_submit.success :: addStoreProduct :: #4040
2019-03-24T17:48:40+00:00 NOTICE product_submit.success :: addStoreProduct :: #4048
2019-03-24T17:48:53+00:00 NOTICE product_submit.success :: addStoreProduct :: #4052
2019-03-24T17:48:53+00:00 NOTICE product_submit.success :: addStoreProduct :: #4056
2019-03-24T17:48:53+00:00 NOTICE product_submit.success :: addStoreProduct :: #4060
2019-03-24T17:48:54+00:00 NOTICE product_submit.success :: addStoreProduct :: #4063
2019-03-24T17:48:54+00:00 NOTICE product_submit.success :: addStoreProduct :: #4067
2019-03-24T17:48:54+00:00 NOTICE product_submit.success :: addStoreProduct :: #4069
2019-03-24T17:49:36+00:00 NOTICE product_submit.success :: addStoreProduct :: #4071
2019-03-24T17:49:36+00:00 NOTICE product_submit.success :: addStoreProduct :: #4073
2019-03-24T17:49:36+00:00 NOTICE product_submit.success :: addStoreProduct :: #4077
2019-03-24T17:49:36+00:00 NOTICE product_submit.success :: addStoreProduct :: #4079
2019-03-24T17:49:37+00:00 NOTICE product_submit.success :: addStoreProduct :: #4087
2019-03-24T17:49:37+00:00 NOTICE product_submit.success :: addStoreProduct :: #4091
2019-03-24T17:49:37+00:00 NOTICE product_submit.success :: addStoreProduct :: #4095
2019-03-24T17:49:37+00:00 NOTICE product_submit.success :: addStoreProduct :: #4099
2019-03-24T17:49:37+00:00 NOTICE product_submit.success :: addStoreProduct :: #4105
2019-03-24T17:49:56+00:00 NOTICE product_submit.success :: addStoreProduct :: #4111
2019-03-24T17:49:56+00:00 NOTICE product_submit.success :: addStoreProduct :: #4117
2019-03-24T17:50:14+00:00 NOTICE product_submit.success :: addStoreProduct :: #4124
2019-03-24T17:50:14+00:00 NOTICE product_submit.success :: addStoreProduct :: #4129
2019-03-24T17:50:14+00:00 NOTICE product_submit.success :: addStoreProduct :: #4135
2019-03-24T17:50:34+00:00 NOTICE product_submit.success :: addStoreProduct :: #4148
2019-03-24T17:50:34+00:00 NOTICE product_submit.success :: addStoreProduct :: #4150
2019-03-24T17:50:34+00:00 NOTICE product_submit.success :: addStoreProduct :: #4157
2019-03-24T17:50:35+00:00 NOTICE product_submit.success :: addStoreProduct :: #4159
2019-03-24T17:50:35+00:00 NOTICE product_submit.success :: addStoreProduct :: #4161
2019-03-24T17:50:35+00:00 NOTICE product_submit.success :: addStoreProduct :: #4165
2019-03-24T17:50:35+00:00 NOTICE product_submit.success :: addStoreProduct :: #4163
2019-03-24T17:50:36+00:00 NOTICE product_submit.success :: addStoreProduct :: #4167
2019-03-24T17:51:19+00:00 NOTICE product_submit.success :: addStoreProduct :: #4169
2019-03-24T17:51:19+00:00 NOTICE product_submit.success :: addStoreProduct :: #4171
2019-03-24T17:51:20+00:00 NOTICE product_submit.success :: addStoreProduct :: #4173
2019-03-24T17:51:20+00:00 NOTICE product_submit.success :: addStoreProduct :: #4177
2019-03-24T17:51:20+00:00 NOTICE product_submit.success :: addStoreProduct :: #4179
2019-03-24T17:51:21+00:00 NOTICE product_submit.success :: addStoreProduct :: #4181
2019-03-24T17:51:21+00:00 NOTICE product_submit.success :: addStoreProduct :: #4184
2019-03-24T17:51:21+00:00 NOTICE product_submit.success :: addStoreProduct :: #4187
2019-03-24T17:51:22+00:00 NOTICE product_submit.success :: addStoreProduct :: #4193
2019-03-24T17:51:22+00:00 NOTICE product_submit.success :: addStoreProduct :: #4196
2019-03-24T17:51:22+00:00 NOTICE product_submit.success :: addStoreProduct :: #4199
2019-03-24T17:51:23+00:00 NOTICE product_submit.success :: addStoreProduct :: #4202
2019-03-24T17:51:23+00:00 NOTICE product_submit.success :: addStoreProduct :: #4205
2019-03-24T17:51:23+00:00 NOTICE product_submit.success :: addStoreProduct :: #4208
2019-03-24T17:51:24+00:00 NOTICE product_submit.success :: addStoreProduct :: #4211
2019-03-24T17:51:39+00:00 NOTICE product_submit.success :: addStoreProduct :: #4214
2019-03-24T17:51:40+00:00 NOTICE product_submit.success :: addStoreProduct :: #4217
2019-03-24T17:51:40+00:00 NOTICE product_submit.success :: addStoreProduct :: #4219
2019-03-24T17:51:40+00:00 NOTICE product_submit.success :: addStoreProduct :: #4221
2019-03-24T18:04:59+00:00 ERROR abandoned_cart.error :: email: galificgifts@gmail.com :: attempting product update :: A cart with the provided ID already exists in the account.
2019-03-24T18:04:59+00:00 NOTICE abandoned_cart.success :: email: galificgifts@gmail.com :: checkout_url: https://galific.com/blog/checkout/?mc_cart_id=5cc8651a12a1ab911e0c3d0c4d17c2a5
2019-03-24T18:05:00+00:00 ERROR abandoned_cart.error :: Error Code 400 :: A cart with the provided ID already exists in the account. on 1571 in /var/www/html/blog/wp-content/plugins/mailchimp-for-woocommerce/includes/api/class-mailchimp-api.php
2019-03-24T18:05:03+00:00 NOTICE ac.cart_swap :: Deleted cart [galificgifts@gmail.com] :: ID [5cc8651a12a1ab911e0c3d0c4d17c2a5]
2019-03-24T18:05:03+00:00 NOTICE abandoned_cart.success :: email: vikramchopra96@gmail.com :: checkout_url: https://galific.com/blog/checkout/?mc_cart_id=333e0ddaad41ce2f2d96d3176a6351fa
2019-03-24T18:10:01+00:00 NOTICE member.sync :: Subscribed Member pawansoobhri93@gmail.com :: Array
(
    [status_if_new] => 1
    [merge_vars] => Array
        (
        )

)

2019-03-24T18:22:28+00:00 NOTICE product_submit.success :: addStoreProduct :: #4224
2019-03-24T18:23:23+00:00 NOTICE product_submit.success :: addStoreProduct :: #4225
2019-03-24T18:26:02+00:00 NOTICE product_submit.success :: updateStoreProduct :: #4224
2019-03-24T18:30:23+00:00 NOTICE order_submit.success :: addStoreOrder :: #4231 :: email: pawanrockz93@gmail.com :: landing site https://galific.com/blog/blog/wp-json/jetpack/v4/jitm?message_path=wp%3Aproduct_page_product_importer%3Aadmin_notices&query=post_type%253Dproduct%252Cpage%253Dproduct_importer&_wpnonce=a649ea9196
2019-03-24T18:31:14+00:00 NOTICE order_submit.success :: updateStoreOrder :: #4231 :: email: pawanrockz93@gmail.com
2019-03-24T18:31:15+00:00 NOTICE order_submit.success :: updateStoreOrder :: #4231 :: email: pawanrockz93@gmail.com
2019-03-24T18:31:16+00:00 NOTICE order_submit.success :: updateStoreOrder :: #4231 :: email: pawanrockz93@gmail.com
